<?xml version="1.0" encoding="UTF-8"?>
<!-- Generated by org.testng.reporters.JUnitReportReporter -->
<testsuite hostname="DESKTOP-N9LPN68" failures="0" tests="1" name="chain.CreateChangeWithoutBody" time="8.421" errors="0" timestamp="2022-12-04T13:52:37 IST" skipped="0">
  <testcase classname="chain.CreateChangeWithoutBody" name="createChangeWithoutBody" time="8.421"/>
  <system-out/>
</testsuite> <!-- chain.CreateChangeWithoutBody -->
