<?xml version="1.0" encoding="UTF-8"?>
<!-- Generated by org.testng.reporters.JUnitReportReporter -->
<testsuite hostname="DESKTOP-N9LPN68" failures="0" tests="1" name="we.java.basics.CreateIncident" time="9.651" errors="0" timestamp="2022-12-04T10:12:55 IST" skipped="0">
  <testcase classname="we.java.basics.CreateIncident" name="createIncident" time="9.651"/>
  <system-out/>
</testsuite> <!-- we.java.basics.CreateIncident -->
