<?xml version="1.0" encoding="UTF-8"?>
<!-- Generated by org.testng.reporters.JUnitReportReporter -->
<testsuite hostname="DESKTOP-N9LPN68" failures="0" tests="1" name="jira.chain.CreateJiraRequest" time="7.485" errors="0" timestamp="2022-12-06T10:10:17 IST" skipped="0">
  <testcase classname="jira.chain.CreateJiraRequest" name="createJiraRequest" time="7.485"/>
  <system-out/>
</testsuite> <!-- jira.chain.CreateJiraRequest -->
