<?xml version="1.0" encoding="UTF-8"?>
<!-- Generated by org.testng.reporters.JUnitReportReporter -->
<testsuite hostname="DESKTOP-N9LPN68" failures="0" tests="1" name="chain.GetChange" time="4.223" errors="0" timestamp="2022-12-04T13:52:37 IST" skipped="0">
  <testcase classname="chain.GetChange" name="getChange" time="4.223"/>
  <system-out/>
</testsuite> <!-- chain.GetChange -->
