<?xml version="1.0" encoding="UTF-8"?>
<!-- Generated by org.testng.reporters.JUnitReportReporter -->
<testsuite hostname="DESKTOP-N9LPN68" failures="0" tests="1" name="we.java.basics.GetAllChange" time="15.220" errors="0" timestamp="2022-12-04T10:46:17 IST" skipped="0">
  <testcase classname="we.java.basics.GetAllChange" name="getAllIncidents" time="15.220"/>
  <system-out/>
</testsuite> <!-- we.java.basics.GetAllChange -->
