<?xml version="1.0" encoding="UTF-8"?>
<!-- Generated by org.testng.reporters.JUnitReportReporter -->
<testsuite hostname="DESKTOP-N9LPN68" failures="0" tests="1" name="we.java.basics.UpdateIncident" time="8.407" errors="0" timestamp="2022-12-03T13:12:28 IST" skipped="0">
  <testcase classname="we.java.basics.UpdateIncident" name="getAllIncidents" time="8.407"/>
  <system-out/>
</testsuite> <!-- we.java.basics.UpdateIncident -->
