<?xml version="1.0" encoding="UTF-8"?>
<!-- Generated by org.testng.reporters.JUnitReportReporter -->
<testsuite hostname="DESKTOP-N9LPN68" failures="0" tests="1" name="we.java.basics.GetAllIncidents" time="11.830" errors="0" timestamp="2022-12-03T12:28:59 IST" skipped="0">
  <testcase classname="we.java.basics.GetAllIncidents" name="getAllIncidents" time="11.830"/>
  <system-out/>
</testsuite> <!-- we.java.basics.GetAllIncidents -->
