<?xml version="1.0" encoding="UTF-8"?>
<!-- Generated by org.testng.reporters.JUnitReportReporter -->
<testsuite hostname="DESKTOP-N9LPN68" failures="0" tests="1" name="jira.chain.PutJiraRequest" time="0.801" errors="0" timestamp="2022-12-05T19:50:26 IST" skipped="0">
  <testcase classname="jira.chain.PutJiraRequest" name="putJiraRequest" time="0.801"/>
  <system-out/>
</testsuite> <!-- jira.chain.PutJiraRequest -->
