<?xml version="1.0" encoding="UTF-8"?>
<!-- Generated by org.testng.reporters.JUnitReportReporter -->
<testsuite hostname="DESKTOP-N9LPN68" failures="0" tests="1" name="we.java.basics.CreateIncidentWithString" time="9.657" errors="0" timestamp="2022-12-04T10:18:41 IST" skipped="0">
  <testcase classname="we.java.basics.CreateIncidentWithString" name="createIncidentWithoutBody" time="9.657"/>
  <system-out/>
</testsuite> <!-- we.java.basics.CreateIncidentWithString -->
