<?xml version="1.0" encoding="UTF-8"?>
<!-- Generated by org.testng.reporters.JUnitReportReporter -->
<testsuite hostname="DESKTOP-N9LPN68" failures="0" tests="1" name="chain.DeleteChange" time="4.314" errors="0" timestamp="2022-12-04T13:52:36 IST" skipped="0">
  <testcase classname="chain.DeleteChange" name="putChange" time="4.314"/>
  <system-out/>
</testsuite> <!-- chain.DeleteChange -->
