<?xml version="1.0" encoding="UTF-8"?>
<!-- Generated by org.testng.reporters.JUnitReportReporter -->
<testsuite hostname="DESKTOP-N9LPN68" failures="0" tests="1" name="we.java.basics.GetAllIncidentsWithContentType" time="13.772" errors="0" timestamp="2022-12-03T12:29:45 IST" skipped="0">
  <testcase classname="we.java.basics.GetAllIncidentsWithContentType" name="getAllIncidents" time="13.772"/>
  <system-out/>
</testsuite> <!-- we.java.basics.GetAllIncidentsWithContentType -->
