<?xml version="1.0" encoding="UTF-8"?>
<!-- Generated by org.testng.reporters.JUnitReportReporter -->
<testsuite hostname="DESKTOP-N9LPN68" failures="0" tests="1" name="we.java.basics.CreateChangeWithFile" time="9.608" errors="0" timestamp="2022-12-04T10:26:20 IST" skipped="0">
  <testcase classname="we.java.basics.CreateChangeWithFile" name="createChangeWithFile" time="9.608"/>
  <system-out/>
</testsuite> <!-- we.java.basics.CreateChangeWithFile -->
