<?xml version="1.0" encoding="UTF-8"?>
<!-- Generated by org.testng.reporters.JUnitReportReporter -->
<testsuite hostname="DESKTOP-N9LPN68" failures="0" tests="1" name="we.java.basics.DeleteIncident" time="9.115" errors="0" timestamp="2022-12-04T09:05:32 IST" skipped="0">
  <testcase classname="we.java.basics.DeleteIncident" name="deleteIncident" time="9.115"/>
  <system-out/>
</testsuite> <!-- we.java.basics.DeleteIncident -->
