<?xml version="1.0" encoding="UTF-8"?>
<!-- Generated by org.testng.reporters.JUnitReportReporter -->
<testsuite hostname="DESKTOP-N9LPN68" failures="0" tests="1" name="we.java.basics.GetAllIncidentsWithMultiParams" time="9.406" errors="0" timestamp="2022-12-03T12:30:13 IST" skipped="0">
  <testcase classname="we.java.basics.GetAllIncidentsWithMultiParams" name="getAllIncidentsWithMultiParams" time="9.406"/>
  <system-out/>
</testsuite> <!-- we.java.basics.GetAllIncidentsWithMultiParams -->
