<?xml version="1.0" encoding="UTF-8"?>
<!-- Generated by org.testng.reporters.JUnitReportReporter -->
<testsuite hostname="DESKTOP-N9LPN68" failures="0" tests="1" name="we.java.basics.CreateChangeWithoutBody" time="10.847" errors="0" timestamp="2022-12-04T10:37:47 IST" skipped="0">
  <testcase classname="we.java.basics.CreateChangeWithoutBody" name="createChangeWithoutBody" time="10.847"/>
  <system-out/>
</testsuite> <!-- we.java.basics.CreateChangeWithoutBody -->
