<?xml version="1.0" encoding="UTF-8"?>
<!-- Generated by org.testng.reporters.JUnitReportReporter -->
<testsuite hostname="DESKTOP-N9LPN68" failures="0" tests="1" name="we.java.basics.PatchIncident" time="9.033" errors="0" timestamp="2022-12-04T09:04:47 IST" skipped="0">
  <testcase classname="we.java.basics.PatchIncident" name="patchIncident" time="9.033"/>
  <system-out/>
</testsuite> <!-- we.java.basics.PatchIncident -->
