<?xml version="1.0" encoding="UTF-8"?>
<!-- Generated by org.testng.reporters.JUnitReportReporter -->
<testsuite hostname="DESKTOP-N9LPN68" failures="0" tests="1" name="we.java.basics.GetAllIncidentsWithParams" time="8.858" errors="0" timestamp="2022-12-03T12:30:37 IST" skipped="0">
  <testcase classname="we.java.basics.GetAllIncidentsWithParams" name="getAllIncidentsWithParams" time="8.858"/>
  <system-out/>
</testsuite> <!-- we.java.basics.GetAllIncidentsWithParams -->
