<?xml version="1.0" encoding="UTF-8"?>
<!-- Generated by org.testng.reporters.JUnitReportReporter -->
<testsuite hostname="DESKTOP-N9LPN68" failures="0" tests="1" name="we.java.basics.PutIncident" time="8.964" errors="0" timestamp="2022-12-04T09:03:41 IST" skipped="0">
  <testcase classname="we.java.basics.PutIncident" name="putIncident" time="8.964"/>
  <system-out/>
</testsuite> <!-- we.java.basics.PutIncident -->
