<?xml version="1.0" encoding="UTF-8"?>
<!-- Generated by org.testng.reporters.JUnitReportReporter -->
<testsuite hostname="DESKTOP-N9LPN68" failures="0" tests="1" name="we.java.basics.GetIncident" time="9.301" errors="0" timestamp="2022-12-04T10:25:47 IST" skipped="0">
  <testcase classname="we.java.basics.GetIncident" name="getIncident" time="9.301"/>
  <system-out/>
</testsuite> <!-- we.java.basics.GetIncident -->
